2024-09-23 16:58:36 INFO  o.b.r.ProjectRepositoryImpl - Project added with ID: 60
2024-09-23 16:58:36 INFO  o.b.serviceImpl.ProjectServiceImpl - Project added: dd
2024-09-23 16:58:42 INFO  o.b.r.MaterialRepositoryImpl - Inserted Material with ID: 100
2024-09-23 16:58:57 INFO  o.b.r.LaborRepositoryImpl - Inserted Labor with ID: 101
2024-09-23 16:59:05 INFO  o.b.serviceImpl.ProjectServiceImpl - Applying tax and profit margin for project: dd
2024-09-23 16:59:05 INFO  o.b.r.MaterialRepositoryImpl - Updated tax rate for Material ID: 100
2024-09-23 16:59:05 INFO  o.b.r.LaborRepositoryImpl - Updated tax rate for Labor ID: 101
2024-09-23 16:59:05 INFO  o.b.r.ProjectRepositoryImpl - Project with ID 60 updated successfully.
2024-09-23 16:59:05 INFO  o.b.serviceImpl.ProjectServiceImpl - Updated project with ID 60: Profit Margin = 20.0, Total Cost = 2511.6
2024-09-23 19:10:01 INFO  o.b.r.ProjectRepositoryImpl - Project added with ID: 62
2024-09-23 19:10:01 INFO  o.b.serviceImpl.ProjectServiceImpl - Project added: fd
2024-09-23 19:52:41 INFO  o.b.r.ProjectRepositoryImpl - Project added with ID: 63
2024-09-23 19:52:41 INFO  o.b.serviceImpl.ProjectServiceImpl - Project added: okay
2024-09-23 19:57:43 INFO  o.b.serviceImpl.ClientServiceImpl - Client name 'rem' is unique
2024-09-23 19:57:43 INFO  o.b.serviceImpl.ClientServiceImpl - Client name 'rem' is unique
2024-09-23 19:57:54 INFO  o.b.serviceImpl.ClientServiceImpl - Client added successfully: rem
2024-09-23 19:58:00 INFO  o.b.r.ProjectRepositoryImpl - Project added with ID: 64
2024-09-23 19:58:00 INFO  o.b.serviceImpl.ProjectServiceImpl - Project added: remm
2024-09-23 19:58:07 INFO  o.b.r.MaterialRepositoryImpl - Inserted Material with ID: 104
2024-09-23 19:58:15 INFO  o.b.r.LaborRepositoryImpl - Inserted Labor with ID: 105
2024-09-23 19:58:24 INFO  o.b.serviceImpl.ProjectServiceImpl - Applying tax and profit margin for project: remm
2024-09-23 19:58:24 INFO  o.b.r.MaterialRepositoryImpl - Updated tax rate for Material ID: 104
2024-09-23 19:58:24 INFO  o.b.r.LaborRepositoryImpl - Updated tax rate for Labor ID: 105
2024-09-23 19:58:24 INFO  o.b.r.ProjectRepositoryImpl - Project with ID 64 updated successfully.
2024-09-23 19:58:24 INFO  o.b.serviceImpl.ProjectServiceImpl - Updated project with ID 64: Profit Margin = 15.0, Total Cost = 1653.0
2024-09-23 20:17:12 ERROR o.b.r.ProjectRepositoryImpl - Error fetching project by name: Cannot cast to boolean: "20.00"
2024-09-24 13:45:28 INFO  o.b.r.ProjectRepositoryImpl - Project added with ID: 66
2024-09-24 13:45:28 INFO  o.b.serviceImpl.ProjectServiceImpl - Project added: ff
2024-09-24 13:45:33 INFO  o.b.r.MaterialRepositoryImpl - Inserted Material with ID: 107
2024-09-24 13:45:52 INFO  o.b.r.MaterialRepositoryImpl - Inserted Material with ID: 108
2024-09-24 13:45:56 INFO  o.b.r.LaborRepositoryImpl - Inserted Labor with ID: 109
2024-09-24 14:51:52 INFO  o.b.r.ProjectRepositoryImpl - Project added with ID: 70
2024-09-24 14:51:52 INFO  o.b.serviceImpl.ProjectServiceImpl - Project added: yeeeeeeeeeeeeeeeeeeeeeeeee
2024-09-24 14:51:56 INFO  o.b.r.MaterialRepositoryImpl - Inserted Material with ID: 117
2024-09-24 14:52:02 INFO  o.b.r.LaborRepositoryImpl - Inserted Labor with ID: 118
2024-09-24 14:52:27 INFO  o.b.r.ProjectRepositoryImpl - Project added with ID: 71
2024-09-24 14:52:27 INFO  o.b.serviceImpl.ProjectServiceImpl - Project added: whaaaaaaaaat
2024-09-24 14:52:31 INFO  o.b.r.MaterialRepositoryImpl - Inserted Material with ID: 119
2024-09-24 14:52:36 INFO  o.b.r.LaborRepositoryImpl - Inserted Labor with ID: 120
2024-09-24 17:14:41 INFO  o.b.r.ProjectRepositoryImpl - Project added with ID: 72
2024-09-24 17:14:41 INFO  o.b.serviceImpl.ProjectServiceImpl - Project added: ff
2024-09-24 17:14:48 INFO  o.b.r.MaterialRepositoryImpl - Inserted Material with ID: 121
2024-09-24 17:14:52 INFO  o.b.r.LaborRepositoryImpl - Inserted Labor with ID: 122
2024-09-24 17:14:57 INFO  o.b.serviceImpl.ProjectServiceImpl - Applying tax and profit margin for project: ff
2024-09-24 17:14:57 INFO  o.b.r.MaterialRepositoryImpl - Updated tax rate for Material ID: 121
2024-09-24 17:14:57 INFO  o.b.r.LaborRepositoryImpl - Updated tax rate for Labor ID: 122
2024-09-24 17:14:57 INFO  o.b.r.ProjectRepositoryImpl - Project with ID 72 updated successfully.
2024-09-24 17:14:57 INFO  o.b.serviceImpl.ProjectServiceImpl - Updated project with ID 72: Profit Margin = 0.0, Total Cost = 2220.0
2024-09-26 20:18:42 INFO  o.b.serviceImpl.ClientServiceImpl - Client name 'douae' is unique
2024-09-26 20:18:42 INFO  o.b.serviceImpl.ClientServiceImpl - Client name 'douae' is unique
2024-09-26 20:19:02 INFO  o.b.serviceImpl.ClientServiceImpl - Client added successfully: douae
2024-09-26 20:19:09 INFO  o.b.r.ProjectRepositoryImpl - Project added with ID: 73
2024-09-26 20:19:09 INFO  o.b.serviceImpl.ProjectServiceImpl - Project added: projet1
2024-09-26 20:19:18 INFO  o.b.r.MaterialRepositoryImpl - Inserted Material with ID: 123
2024-09-26 20:19:42 INFO  o.b.r.MaterialRepositoryImpl - Inserted Material with ID: 124
2024-09-26 20:19:55 INFO  o.b.r.LaborRepositoryImpl - Inserted Labor with ID: 125
2024-09-26 20:20:14 INFO  o.b.r.LaborRepositoryImpl - Inserted Labor with ID: 126
2024-09-26 20:20:23 INFO  o.b.serviceImpl.ProjectServiceImpl - Applying tax and profit margin for project: projet1
2024-09-26 20:20:23 INFO  o.b.r.MaterialRepositoryImpl - Updated tax rate for Material ID: 123
2024-09-26 20:20:23 INFO  o.b.r.MaterialRepositoryImpl - Updated tax rate for Material ID: 124
2024-09-26 20:20:23 INFO  o.b.r.LaborRepositoryImpl - Updated tax rate for Labor ID: 125
2024-09-26 20:20:23 INFO  o.b.r.LaborRepositoryImpl - Updated tax rate for Labor ID: 126
2024-09-26 20:20:23 INFO  o.b.r.ProjectRepositoryImpl - Project with ID 73 updated successfully.
2024-09-26 20:20:23 INFO  o.b.serviceImpl.ProjectServiceImpl - Updated project with ID 73: Profit Margin = 15.0, Total Cost = 6201.599999999999
2024-09-26 20:21:39 INFO  o.b.serviceImpl.ClientServiceImpl - Client name 'lami' is unique
2024-09-26 20:21:39 INFO  o.b.serviceImpl.ClientServiceImpl - Client name 'lami' is unique
2024-09-26 20:22:01 INFO  o.b.serviceImpl.ClientServiceImpl - Client added successfully: lami
2024-09-26 20:22:06 INFO  o.b.r.ProjectRepositoryImpl - Project added with ID: 74
2024-09-26 20:22:06 INFO  o.b.serviceImpl.ProjectServiceImpl - Project added: projet2
2024-09-26 20:22:17 INFO  o.b.r.MaterialRepositoryImpl - Inserted Material with ID: 127
2024-09-26 20:22:28 INFO  o.b.r.MaterialRepositoryImpl - Inserted Material with ID: 128
2024-09-26 20:22:42 INFO  o.b.r.LaborRepositoryImpl - Inserted Labor with ID: 129
2024-09-26 20:22:49 INFO  o.b.r.LaborRepositoryImpl - Inserted Labor with ID: 130
2024-09-26 20:22:58 INFO  o.b.serviceImpl.ProjectServiceImpl - Applying tax and profit margin for project: projet2
2024-09-26 20:22:58 INFO  o.b.r.MaterialRepositoryImpl - Updated tax rate for Material ID: 127
2024-09-26 20:22:58 INFO  o.b.r.MaterialRepositoryImpl - Updated tax rate for Material ID: 128
2024-09-26 20:22:58 INFO  o.b.r.LaborRepositoryImpl - Updated tax rate for Labor ID: 129
2024-09-26 20:22:58 INFO  o.b.r.LaborRepositoryImpl - Updated tax rate for Labor ID: 130
2024-09-26 20:22:58 INFO  o.b.r.ProjectRepositoryImpl - Project with ID 74 updated successfully.
2024-09-26 20:22:58 INFO  o.b.serviceImpl.ProjectServiceImpl - Updated project with ID 74: Profit Margin = 13.0, Total Cost = 19930.375
2024-09-26 20:23:31 INFO  o.b.serviceImpl.ClientServiceImpl - Client name 'nour' is unique
2024-09-26 20:23:31 INFO  o.b.serviceImpl.ClientServiceImpl - Client name 'nour' is unique
2024-09-26 20:24:06 INFO  o.b.serviceImpl.ClientServiceImpl - Client added successfully: nour
2024-09-26 20:24:11 INFO  o.b.r.ProjectRepositoryImpl - Project added with ID: 75
2024-09-26 20:24:11 INFO  o.b.serviceImpl.ProjectServiceImpl - Project added: projet3
2024-09-26 20:24:22 INFO  o.b.r.MaterialRepositoryImpl - Inserted Material with ID: 131
2024-09-26 20:24:30 INFO  o.b.r.LaborRepositoryImpl - Inserted Labor with ID: 132
2024-09-26 20:24:44 INFO  o.b.serviceImpl.ProjectServiceImpl - Applying tax and profit margin for project: projet3
2024-09-26 20:24:44 INFO  o.b.r.MaterialRepositoryImpl - Updated tax rate for Material ID: 131
2024-09-26 20:24:44 INFO  o.b.r.LaborRepositoryImpl - Updated tax rate for Labor ID: 132
2024-09-26 20:24:44 INFO  o.b.r.ProjectRepositoryImpl - Project with ID 75 updated successfully.
2024-09-26 20:24:44 INFO  o.b.serviceImpl.ProjectServiceImpl - Updated project with ID 75: Profit Margin = 15.0, Total Cost = 2855.6
2024-09-26 20:25:16 INFO  o.b.r.ProjectRepositoryImpl - Project added with ID: 76
2024-09-26 20:25:16 INFO  o.b.serviceImpl.ProjectServiceImpl - Project added: projetdouae
2024-09-26 20:25:32 INFO  o.b.r.MaterialRepositoryImpl - Inserted Material with ID: 133
2024-09-26 20:25:48 INFO  o.b.r.MaterialRepositoryImpl - Inserted Material with ID: 134
2024-09-26 20:26:03 INFO  o.b.r.LaborRepositoryImpl - Inserted Labor with ID: 135
2024-09-26 20:26:16 INFO  o.b.serviceImpl.ProjectServiceImpl - Applying tax and profit margin for project: projetdouae
2024-09-26 20:26:16 INFO  o.b.r.MaterialRepositoryImpl - Updated tax rate for Material ID: 133
2024-09-26 20:26:16 INFO  o.b.r.MaterialRepositoryImpl - Updated tax rate for Material ID: 134
2024-09-26 20:26:16 INFO  o.b.r.LaborRepositoryImpl - Updated tax rate for Labor ID: 135
2024-09-26 20:26:16 INFO  o.b.r.ProjectRepositoryImpl - Project with ID 76 updated successfully.
2024-09-26 20:26:16 INFO  o.b.serviceImpl.ProjectServiceImpl - Updated project with ID 76: Profit Margin = 0.0, Total Cost = 2762.08
2024-09-26 20:27:19 INFO  o.b.r.ProjectRepositoryImpl - Project added with ID: 77
2024-09-26 20:27:19 INFO  o.b.serviceImpl.ProjectServiceImpl - Project added: lamipro
2024-09-26 20:27:34 INFO  o.b.r.MaterialRepositoryImpl - Inserted Material with ID: 136
2024-09-26 20:27:56 INFO  o.b.r.MaterialRepositoryImpl - Inserted Material with ID: 137
2024-09-26 20:28:10 INFO  o.b.r.LaborRepositoryImpl - Inserted Labor with ID: 138
2024-09-26 20:28:23 INFO  o.b.r.LaborRepositoryImpl - Inserted Labor with ID: 139
2024-09-26 20:28:34 INFO  o.b.r.LaborRepositoryImpl - Inserted Labor with ID: 140
2024-09-26 20:28:54 INFO  o.b.serviceImpl.ProjectServiceImpl - Applying tax and profit margin for project: lamipro
2024-09-26 20:28:54 INFO  o.b.r.MaterialRepositoryImpl - Updated tax rate for Material ID: 136
2024-09-26 20:28:54 INFO  o.b.r.MaterialRepositoryImpl - Updated tax rate for Material ID: 137
2024-09-26 20:28:54 INFO  o.b.r.LaborRepositoryImpl - Updated tax rate for Labor ID: 138
2024-09-26 20:28:54 INFO  o.b.r.LaborRepositoryImpl - Updated tax rate for Labor ID: 139
2024-09-26 20:28:54 INFO  o.b.r.LaborRepositoryImpl - Updated tax rate for Labor ID: 140
2024-09-26 20:28:54 INFO  o.b.r.ProjectRepositoryImpl - Project with ID 77 updated successfully.
2024-09-26 20:28:54 INFO  o.b.serviceImpl.ProjectServiceImpl - Updated project with ID 77: Profit Margin = 28.0, Total Cost = 6886.4
2024-09-27 12:02:40 INFO  o.b.r.ProjectRepositoryImpl - Project added with ID: 78
2024-09-27 12:02:40 INFO  o.b.serviceImpl.ProjectServiceImpl - Project added: renovation
2024-09-27 12:02:58 INFO  o.b.r.MaterialRepositoryImpl - Inserted Material with ID: 141
2024-09-27 12:03:27 INFO  o.b.r.MaterialRepositoryImpl - Inserted Material with ID: 142
2024-09-27 12:03:45 INFO  o.b.r.LaborRepositoryImpl - Inserted Labor with ID: 143
2024-09-27 12:03:58 INFO  o.b.serviceImpl.ProjectServiceImpl - Applying tax and profit margin for project: renovation
2024-09-27 12:03:58 INFO  o.b.r.MaterialRepositoryImpl - Updated tax rate for Material ID: 141
2024-09-27 12:03:58 INFO  o.b.r.MaterialRepositoryImpl - Updated tax rate for Material ID: 142
2024-09-27 12:03:58 INFO  o.b.r.LaborRepositoryImpl - Updated tax rate for Labor ID: 143
2024-09-27 12:03:58 INFO  o.b.r.ProjectRepositoryImpl - Project with ID 78 updated successfully.
2024-09-27 12:03:58 INFO  o.b.serviceImpl.ProjectServiceImpl - Updated project with ID 78: Profit Margin = 15.0, Total Cost = 3807.6
